<?xml version="1.0" encoding="UTF-8"?>
<!-- Generated by org.testng.reporters.JUnitReportReporter -->
<testsuite hostname="BSLLM0189" failures="0" tests="1" name="Day2.log" time="1.496" errors="0" timestamp="2024-04-06T22:33:01 IST" skipped="0">
  <testcase classname="Day2.log" name="logTypes" time="1.496"/>
</testsuite> <!-- Day2.log -->
