<?xml version="1.0" encoding="UTF-8"?>
<!-- Generated by org.testng.reporters.JUnitReportReporter -->
<testsuite hostname="BSLLM0189" failures="0" tests="1" name="Day2.pathAndQueryParameters" time="2.057" errors="0" timestamp="2024-04-06T17:32:54 IST" skipped="0">
  <testcase classname="Day2.pathAndQueryParameters" name="testParameter" time="2.057"/>
</testsuite> <!-- Day2.pathAndQueryParameters -->
