<?xml version="1.0" encoding="UTF-8"?>
<!-- Generated by org.testng.reporters.JUnitReportReporter -->
<testsuite hostname="BSLLM0189" failures="0" tests="4" name="demo1.httpRequest" time="3.850" errors="0" timestamp="2024-04-06T12:26:37 IST" skipped="0">
  <testcase classname="demo1.httpRequest" name="listUser" time="2.215"/>
  <testcase classname="demo1.httpRequest" name="createUser" time="0.756"/>
  <testcase classname="demo1.httpRequest" name="updateUser" time="0.369"/>
  <testcase classname="demo1.httpRequest" name="deleteUser" time="0.510"/>
</testsuite> <!-- demo1.httpRequest -->
