<?xml version="1.0" encoding="UTF-8"?>
<!-- Generated by org.testng.reporters.JUnitReportReporter -->
<testsuite hostname="BSLLM0189" failures="0" tests="2" name="Day2.waysToCreatPostRequestBody" time="1.699" errors="0" timestamp="2024-04-06T17:32:33 IST" skipped="0">
  <testcase classname="Day2.waysToCreatPostRequestBody" name="createUser" time="1.661"/>
  <testcase classname="Day2.waysToCreatPostRequestBody" name="deleteExtUser" time="0.038"/>
</testsuite> <!-- Day2.waysToCreatPostRequestBody -->
