<?xml version="1.0" encoding="UTF-8"?>
<!-- Generated by org.testng.reporters.JUnitReportReporter -->
<testsuite hostname="BSLLM0189" failures="0" tests="1" name="Day2.cookieHandle" time="2.355" errors="0" timestamp="2024-04-06T22:32:29 IST" skipped="0">
  <testcase classname="Day2.cookieHandle" name="cookiesHandle" time="2.355"/>
</testsuite> <!-- Day2.cookieHandle -->
